<?xml version="1.0" encoding="UTF-8" ?>
<testsuite errors="0" failures="5" hostname="lenovo-PC" name="GPXConverttimeTest" tests="7" time="0.25" timestamp="2011-10-09T01:43:13">
  <properties>
[...]
</properties>
  <testcase classname="GPXConverttimeTest" name="testconvertToJavaTime1" time="0.031">
    <failure message="expected:&lt;86400000&gt; but was:&lt;-3319534592&gt;" type="junit.framework.AssertionFailedError">junit.framework.AssertionFailedError: expected:&lt;86400000&gt; but was:&lt;-3319534592&gt;
	at GPXConverttimeTest.testconvertToJavaTime1(GPXConverttimeTest.java:29)
</failure>
  </testcase>
  <testcase classname="GPXConverttimeTest" name="testconvertToJavaTime2" time="0.0">
    <failure message="expected:&lt;205119488&gt; but was:&lt;-3200815104&gt;" type="junit.framework.AssertionFailedError">junit.framework.AssertionFailedError: expected:&lt;205119488&gt; but was:&lt;-3200815104&gt;
	at GPXConverttimeTest.testconvertToJavaTime2(GPXConverttimeTest.java:40)
</failure>
  </testcase>
  <testcase classname="GPXConverttimeTest" name="testconvertToJavaTime3" time="0.0">
    <failure message="expected:&lt;205119488&gt; but was:&lt;-1613939712&gt;" type="junit.framework.AssertionFailedError">junit.framework.AssertionFailedError: expected:&lt;205119488&gt; but was:&lt;-1613939712&gt;
	at GPXConverttimeTest.testconvertToJavaTime3(GPXConverttimeTest.java:49)
</failure>
  </testcase>
  <testcase classname="GPXConverttimeTest" name="testconvertToJavaTime4" time="0.0">
    <failure message="expected:&lt;0&gt; but was:&lt;-3405934592&gt;" type="junit.framework.AssertionFailedError">junit.framework.AssertionFailedError: expected:&lt;0&gt; but was:&lt;-3405934592&gt;
	at GPXConverttimeTest.testconvertToJavaTime4(GPXConverttimeTest.java:58)
</failure>
  </testcase>
  <testcase classname="GPXConverttimeTest" name="testconvertToJavaTime5" time="0.0" />
  <testcase classname="GPXConverttimeTest" name="testconvertToJavaTime6" time="0.0">
    <failure message="expected:&lt;0&gt; but was:&lt;-6898269184&gt;" type="junit.framework.AssertionFailedError">junit.framework.AssertionFailedError: expected:&lt;0&gt; but was:&lt;-6898269184&gt;
	at GPXConverttimeTest.testconvertToJavaTime6(GPXConverttimeTest.java:79)
</failure>
  </testcase>
  <testcase classname="GPXConverttimeTest" name="testconvertToJavaTime7" time="0.0" />
  <system-out><![CDATA[]]></system-out>
  <system-err><![CDATA[]]></system-err>
</testsuite>
